[debug] [2022-10-23T12:56:27.590Z] ----------------------------------------------------------------------
[debug] [2022-10-23T12:56:27.599Z] Command:       C:\Program Files\nodejs\node.exe C:\Users\Nowy właściciel\AppData\Roaming\npm\node_modules\firebase-tools\lib\bin\firebase.js deploy
[debug] [2022-10-23T12:56:27.600Z] CLI Version:   10.2.0
[debug] [2022-10-23T12:56:27.601Z] Platform:      win32
[debug] [2022-10-23T12:56:27.601Z] Node Version:  v14.18.0
[debug] [2022-10-23T12:56:27.605Z] Time:          Sun Oct 23 2022 14:56:27 GMT+0200 (czas środkowoeuropejski letni)
[debug] [2022-10-23T12:56:27.605Z] ----------------------------------------------------------------------
[debug] 
[debug] [2022-10-23T12:56:27.838Z] > command requires scopes: ["email","openid","https://www.googleapis.com/auth/cloudplatformprojects.readonly","https://www.googleapis.com/auth/firebase","https://www.googleapis.com/auth/cloud-platform"]
[debug] [2022-10-23T12:56:27.839Z] > authorizing via signed-in user (aleksander.slawek1@gmail.com)
[debug] [2022-10-23T12:56:27.839Z] [iam] checking project aslawekportfolio for permissions ["firebase.projects.get","firebasehosting.sites.update"]
[debug] [2022-10-23T12:56:27.843Z] > refreshing access token with scopes: []
[debug] [2022-10-23T12:56:27.845Z] >>> HTTP REQUEST POST https://www.googleapis.com/oauth2/v3/token  
 <request body omitted>
[debug] [2022-10-23T12:56:28.089Z] <<< HTTP RESPONSE 400 {"expires":"Mon, 01 Jan 1990 00:00:00 GMT","date":"Sun, 23 Oct 2022 12:57:18 GMT","pragma":"no-cache","cache-control":"no-cache, no-store, max-age=0, must-revalidate","content-type":"application/json; charset=utf-8","vary":"X-Origin, Referer, Origin,Accept-Encoding","server":"scaffolding on HTTPServer2","x-xss-protection":"0","x-frame-options":"SAMEORIGIN","x-content-type-options":"nosniff","alt-svc":"h3=\":443\"; ma=2592000,h3-29=\":443\"; ma=2592000,h3-Q050=\":443\"; ma=2592000,h3-Q046=\":443\"; ma=2592000,h3-Q043=\":443\"; ma=2592000,quic=\":443\"; ma=2592000; v=\"46,43\"","accept-ranges":"none","transfer-encoding":"chunked"}
[debug] [2022-10-23T12:56:28.097Z] >>> [apiv2][query] POST https://cloudresourcemanager.googleapis.com/v1/projects/aslawekportfolio:testIamPermissions [none]
[debug] [2022-10-23T12:56:28.097Z] >>> [apiv2][body] POST https://cloudresourcemanager.googleapis.com/v1/projects/aslawekportfolio:testIamPermissions {"permissions":["firebase.projects.get","firebasehosting.sites.update"]}
[debug] [2022-10-23T12:56:28.464Z] <<< [apiv2][status] POST https://cloudresourcemanager.googleapis.com/v1/projects/aslawekportfolio:testIamPermissions 401
[debug] [2022-10-23T12:56:28.465Z] <<< [apiv2][body] POST https://cloudresourcemanager.googleapis.com/v1/projects/aslawekportfolio:testIamPermissions {"error":{"code":401,"message":"Request had invalid authentication credentials. Expected OAuth 2 access token, login cookie or other valid authentication credential. See https://developers.google.com/identity/sign-in/web/devconsole-project.","status":"UNAUTHENTICATED","details":[{"@type":"type.googleapis.com/google.rpc.ErrorInfo","reason":"ACCESS_TOKEN_TYPE_UNSUPPORTED","metadata":{"method":"google.cloudresourcemanager.v1.Projects.TestIamPermissions","service":"cloudresourcemanager.googleapis.com"}}]}}
[debug] [2022-10-23T12:56:28.466Z] [iam] error while checking permissions, command may fail: FirebaseError: HTTP Error: 401, Request had invalid authentication credentials. Expected OAuth 2 access token, login cookie or other valid authentication credential. See https://developers.google.com/identity/sign-in/web/devconsole-project.
[debug] [2022-10-23T12:56:28.466Z] > refreshing access token with scopes: []
[debug] [2022-10-23T12:56:28.467Z] >>> HTTP REQUEST POST https://www.googleapis.com/oauth2/v3/token  
 <request body omitted>
[debug] [2022-10-23T12:56:28.572Z] <<< HTTP RESPONSE 400 {"date":"Sun, 23 Oct 2022 12:57:18 GMT","pragma":"no-cache","expires":"Mon, 01 Jan 1990 00:00:00 GMT","cache-control":"no-cache, no-store, max-age=0, must-revalidate","content-type":"application/json; charset=utf-8","vary":"X-Origin, Referer, Origin,Accept-Encoding","server":"scaffolding on HTTPServer2","x-xss-protection":"0","x-frame-options":"SAMEORIGIN","x-content-type-options":"nosniff","alt-svc":"h3=\":443\"; ma=2592000,h3-29=\":443\"; ma=2592000,h3-Q050=\":443\"; ma=2592000,h3-Q046=\":443\"; ma=2592000,h3-Q043=\":443\"; ma=2592000,quic=\":443\"; ma=2592000; v=\"46,43\"","accept-ranges":"none","transfer-encoding":"chunked"}
[debug] [2022-10-23T12:56:28.575Z] >>> [apiv2][query] GET https://firebase.googleapis.com/v1beta1/projects/aslawekportfolio [none]
[debug] [2022-10-23T12:56:28.701Z] <<< [apiv2][status] GET https://firebase.googleapis.com/v1beta1/projects/aslawekportfolio 401
[debug] [2022-10-23T12:56:28.701Z] <<< [apiv2][body] GET https://firebase.googleapis.com/v1beta1/projects/aslawekportfolio {"error":{"code":401,"message":"Request had invalid authentication credentials. Expected OAuth 2 access token, login cookie or other valid authentication credential. See https://developers.google.com/identity/sign-in/web/devconsole-project.","status":"UNAUTHENTICATED"}}
[debug] [2022-10-23T12:56:28.701Z] HTTP Error: 401, Request had invalid authentication credentials. Expected OAuth 2 access token, login cookie or other valid authentication credential. See https://developers.google.com/identity/sign-in/web/devconsole-project.
[debug] [2022-10-23T12:56:28.834Z] FirebaseError: HTTP Error: 401, Request had invalid authentication credentials. Expected OAuth 2 access token, login cookie or other valid authentication credential. See https://developers.google.com/identity/sign-in/web/devconsole-project.
    at module.exports (C:\Users\Nowy właściciel\AppData\Roaming\npm\node_modules\firebase-tools\lib\responseToError.js:38:12)
    at RetryOperation._fn (C:\Users\Nowy właściciel\AppData\Roaming\npm\node_modules\firebase-tools\lib\apiv2.js:283:39)
    at processTicksAndRejections (internal/process/task_queues.js:95:5)
[error] 
[error] Error: Failed to get Firebase project aslawekportfolio. Please make sure the project exists and your account has permission to access it.
